<?xml version="1.0" encoding="UTF-8"?>
<testsuite xmlns:xsi="http://www.w3.org/2001/XMLSchema-instance" xsi:noNamespaceSchemaLocation="https://maven.apache.org/surefire/maven-surefire-plugin/xsd/surefire-test-report-3.0.xsd" version="3.0" name="io.jenkins.update_center.PluginTest" time="0.149" tests="6" errors="0" skipped="0" failures="0">
  <properties>
[...]
</properties>
  <testcase name="testDuplicateDetection" classname="io.jenkins.update_center.PluginTest" time="0.116">
    <system-err><![CDATA[Nov 01, 2023 2:50:57 PM io.jenkins.update_center.Plugin addArtifact
INFO: Found a duplicate artifact the-group:foo:1.0.0 (proposed) considered identical to the-group:foo:1.0 (existing) due to non-determinism. Neither has a timestamp. Neither will be published.
Nov 01, 2023 2:50:57 PM io.jenkins.update_center.Plugin addArtifact
INFO: Found another duplicate artifact the-group:foo:1.0.0.0 considered identical due to non-determinism. Neither has a timestamp. Neither will be published.
Nov 01, 2023 2:50:57 PM io.jenkins.update_center.Plugin addArtifact
INFO: Found another duplicate artifact the-other-group:foo:1.0 considered identical due to non-determinism. Neither has a timestamp. Neither will be published.
]]></system-err>
  </testcase>
  <testcase name="testReplaceAll" classname="io.jenkins.update_center.PluginTest" time="0.001">
    <system-err><![CDATA[Nov 01, 2023 2:50:57 PM io.jenkins.update_center.Plugin addArtifact
INFO: The proposed artifact: the-group:foo:1.0.0 is older than the existing artifact the-group:foo:1.0, so replace it.
Nov 01, 2023 2:50:57 PM io.jenkins.update_center.Plugin addArtifact
INFO: The proposed artifact: the-group:foo:1.0.0.0 is older than the existing artifact the-group:foo:1.0.0, so replace it.
Nov 01, 2023 2:50:57 PM io.jenkins.update_center.Plugin addArtifact
INFO: The proposed artifact: the-other-group:foo:1.0 is older than the existing artifact the-group:foo:1.0.0.0, so replace it.
]]></system-err>
  </testcase>
  <testcase name="testTopLevelUrl" classname="io.jenkins.update_center.PluginTest" time="0"/>
  <testcase name="testKeepOlder" classname="io.jenkins.update_center.PluginTest" time="0.003">
    <system-err><![CDATA[Nov 01, 2023 2:50:57 PM io.jenkins.update_center.Plugin addArtifact
INFO: The proposed artifact: the-group:foo:1.0 is not older than the existing artifact the-group:foo:1.0, so ignore it.
Nov 01, 2023 2:50:57 PM io.jenkins.update_center.Plugin addArtifact
INFO: The proposed artifact: the-group:foo:1.0.0 is not older than the existing artifact the-group:foo:1.0, so ignore it.
Nov 01, 2023 2:50:57 PM io.jenkins.update_center.Plugin addArtifact
INFO: The proposed artifact: the-group:foo:1.0.0.0 is not older than the existing artifact the-group:foo:1.0, so ignore it.
Nov 01, 2023 2:50:57 PM io.jenkins.update_center.Plugin addArtifact
INFO: The proposed artifact: the-other-group:foo:1.0 is not older than the existing artifact the-group:foo:1.0, so ignore it.
]]></system-err>
  </testcase>
  <testcase name="testSimplifyPluginName" classname="io.jenkins.update_center.PluginTest" time="0.004"/>
  <testcase name="testRemoveAll" classname="io.jenkins.update_center.PluginTest" time="0.002">
    <system-err><![CDATA[Nov 01, 2023 2:50:57 PM io.jenkins.update_center.Plugin addArtifact
INFO: The proposed artifact: the-group:foo:1.0.0 has a timestamp and the existing artifact the-group:foo:1.0 does not, so replace it.
Nov 01, 2023 2:50:57 PM io.jenkins.update_center.Plugin addArtifact
INFO: The proposed artifact: the-group:foo:1.0.0.0 is not older than the existing artifact the-group:foo:1.0.0, so ignore it.
Nov 01, 2023 2:50:57 PM io.jenkins.update_center.Plugin addArtifact
INFO: The proposed artifact: the-other-group:foo:1.0 has no timestamp (but the existing artifact the-other-group:foo:1.0 does), so ignore it.
]]></system-err>
  </testcase>
</testsuite>